[debug] [2020-02-07T09:15:36.840Z] ----------------------------------------------------------------------
[debug] [2020-02-07T09:15:36.842Z] Command:       /usr/local/Cellar/node/13.7.0/bin/node /usr/local/bin/firebase deploy
[debug] [2020-02-07T09:15:36.842Z] CLI Version:   7.12.1
[debug] [2020-02-07T09:15:36.842Z] Platform:      darwin
[debug] [2020-02-07T09:15:36.842Z] Node Version:  v13.7.0
[debug] [2020-02-07T09:15:36.843Z] Time:          Fri Feb 07 2020 14:45:36 GMT+0530 (India Standard Time)
[debug] [2020-02-07T09:15:36.843Z] ----------------------------------------------------------------------
[debug] [2020-02-07T09:15:36.843Z] 
[debug] [2020-02-07T09:15:36.856Z] > command requires scopes: ["email","openid","https://www.googleapis.com/auth/cloudplatformprojects.readonly","https://www.googleapis.com/auth/firebase","https://www.googleapis.com/auth/cloud-platform"]
[debug] [2020-02-07T09:15:36.856Z] > authorizing via signed-in user
[debug] [2020-02-07T09:15:36.856Z] [iam] checking project dd-dapp for permissions ["firebase.projects.get","firebasehosting.sites.update"]
[debug] [2020-02-07T09:15:36.857Z] > refreshing access token with scopes: ["email","https://www.googleapis.com/auth/cloud-platform","https://www.googleapis.com/auth/cloudplatformprojects.readonly","https://www.googleapis.com/auth/firebase","openid"]
[debug] [2020-02-07T09:15:36.857Z] >>> HTTP REQUEST POST https://www.googleapis.com/oauth2/v3/token  
 <request body omitted>
[debug] [2020-02-07T09:15:56.495Z] [iam] error while checking permissions, command may fail: FirebaseError: Authentication Error: Your credentials are no longer valid. Please run firebase login --reauth

For CI servers and headless environments, generate a new token with firebase login:ci
[debug] [2020-02-07T09:15:56.496Z] > refreshing access token with scopes: ["email","https://www.googleapis.com/auth/cloud-platform","https://www.googleapis.com/auth/cloudplatformprojects.readonly","https://www.googleapis.com/auth/firebase","openid"]
[debug] [2020-02-07T09:15:56.497Z] >>> HTTP REQUEST POST https://www.googleapis.com/oauth2/v3/token  
 <request body omitted>
[debug] [2020-02-07T09:16:03.815Z] Authentication Error: Your credentials are no longer valid. Please run firebase login --reauth

For CI servers and headless environments, generate a new token with firebase login:ci
[debug] [2020-02-07T09:16:22.909Z] FirebaseError: Authentication Error: Your credentials are no longer valid. Please run firebase login --reauth

For CI servers and headless environments, generate a new token with firebase login:ci
    at Object.<anonymous> (/usr/local/lib/node_modules/firebase-tools/lib/auth.js:23:32)
    at Module._compile (internal/modules/cjs/loader.js:1151:30)
    at Object.Module._extensions..js (internal/modules/cjs/loader.js:1171:10)
    at Module.load (internal/modules/cjs/loader.js:1000:32)
    at Function.Module._load (internal/modules/cjs/loader.js:899:14)
    at Module.require (internal/modules/cjs/loader.js:1040:19)
    at require (internal/modules/cjs/helpers.js:72:18)
    at Object.<anonymous> (/usr/local/lib/node_modules/firebase-tools/lib/commands/login.js:8:12)
    at Module._compile (internal/modules/cjs/loader.js:1151:30)
    at Object.Module._extensions..js (internal/modules/cjs/loader.js:1171:10)
    at Module.load (internal/modules/cjs/loader.js:1000:32)
    at Function.Module._load (internal/modules/cjs/loader.js:899:14)
    at Module.require (internal/modules/cjs/loader.js:1040:19)
    at require (internal/modules/cjs/helpers.js:72:18)
    at loadCommand (/usr/local/lib/node_modules/firebase-tools/lib/commands/index.js:5:19)
    at module.exports (/usr/local/lib/node_modules/firebase-tools/lib/commands/index.js:73:20)
[error] 
[error] Error: Failed to get Firebase project dd-dapp. Please make sure the project exists and your account has permission to access it.
[debug] [2020-02-07T09:16:42.548Z] ----------------------------------------------------------------------
[debug] [2020-02-07T09:16:42.549Z] Command:       /usr/local/Cellar/node/13.7.0/bin/node /usr/local/bin/firebase init
[debug] [2020-02-07T09:16:42.549Z] CLI Version:   7.12.1
[debug] [2020-02-07T09:16:42.549Z] Platform:      darwin
[debug] [2020-02-07T09:16:42.549Z] Node Version:  v13.7.0
[debug] [2020-02-07T09:16:42.550Z] Time:          Fri Feb 07 2020 14:46:42 GMT+0530 (India Standard Time)
[debug] [2020-02-07T09:16:42.551Z] ----------------------------------------------------------------------
[debug] [2020-02-07T09:16:42.551Z] 
[debug] [2020-02-07T09:16:42.557Z] > command requires scopes: ["email","openid","https://www.googleapis.com/auth/cloudplatformprojects.readonly","https://www.googleapis.com/auth/firebase","https://www.googleapis.com/auth/cloud-platform"]
[debug] [2020-02-07T09:16:42.557Z] > authorizing via signed-in user
[info] 
     ######## #### ########  ######## ########     ###     ######  ########
     ##        ##  ##     ## ##       ##     ##  ##   ##  ##       ##
     ######    ##  ########  ######   ########  #########  ######  ######
     ##        ##  ##    ##  ##       ##     ## ##     ##       ## ##
     ##       #### ##     ## ######## ########  ##     ##  ######  ########

You're about to initialize a Firebase project in this directory:

  /Users/aniketsharma/Projects/designndecorous

Before we get started, keep in mind:

  * You are initializing in an existing Firebase project directory

[info] 
=== Project Setup
[info] 
[info] First, let's associate this project directory with a Firebase project.
[info] You can create multiple project aliases by running firebase use --add, 
[info] but for now we'll just set up a default project.
[info] 
[info] i  .firebaserc already has a default project, using dd-dapp.
[debug] [2020-02-07T09:16:45.518Z] > refreshing access token with scopes: ["email","https://www.googleapis.com/auth/cloud-platform","https://www.googleapis.com/auth/cloudplatformprojects.readonly","https://www.googleapis.com/auth/firebase","openid"]
[debug] [2020-02-07T09:16:45.518Z] >>> HTTP REQUEST POST https://www.googleapis.com/oauth2/v3/token  
 <request body omitted>
[debug] [2020-02-07T09:16:52.577Z] Authentication Error: Your credentials are no longer valid. Please run firebase login --reauth

For CI servers and headless environments, generate a new token with firebase login:ci
